<?xml version="1.0" encoding="UTF-8"?>
<!-- Generated by org.testng.reporters.JUnitReportReporter -->
<testsuite hostname="Madhusudhan" name="com.testng.tests.Mate1CreateProfileTests" tests="1" failures="0" timestamp="20 Jun 2016 06:15:43 GMT" time="56.019" errors="0">
  <testcase name="verifyCreateProfile" time="56.019" classname="com.testng.tests.Mate1CreateProfileTests"/>
</testsuite> <!-- com.testng.tests.Mate1CreateProfileTests -->
